11:23:40: Creating resource group General
11:23:40: Creating resource group Internal
11:23:40: Creating resource group Autodetect
11:23:40: SceneManagerFactory for type 'DefaultSceneManager' registered.
11:23:40: Registering ResourceManager for type Material
11:23:40: Registering ResourceManager for type Mesh
11:23:40: Registering ResourceManager for type Skeleton
11:23:40: MovableObjectFactory for type 'ParticleSystem' registered.
11:23:40: OverlayElementFactory for type Panel registered.
11:23:40: OverlayElementFactory for type BorderPanel registered.
11:23:40: OverlayElementFactory for type TextArea registered.
11:23:40: Registering ResourceManager for type Font
11:23:40: ArchiveFactory for archive type FileSystem registered.
11:23:40: ArchiveFactory for archive type Zip registered.
11:23:40: DDS codec registering
11:23:40: FreeImage version: 3.15.1
11:23:40: This program uses FreeImage, a free, open source image library supporting all common bitmap formats. See http://freeimage.sourceforge.net for details
11:23:40: Supported formats: bmp,ico,jpg,jif,jpeg,jpe,jng,koa,iff,lbm,mng,pbm,pbm,pcd,pcx,pgm,pgm,png,ppm,ppm,ras,tga,targa,tif,tiff,wap,wbmp,wbm,psd,cut,xbm,xpm,gif,hdr,g3,sgi,exr,j2k,j2c,jp2,pfm,pct,pict,pic,3fr,arw,bay,bmq,cap,cine,cr2,crw,cs1,dc2,dcr,drf,dsc,dng,erf,fff,ia,iiq,k25,kc2,kdc,mdc,mef,mos,mrw,nef,nrw,orf,pef,ptx,pxn,qtk,raf,raw,rdc,rw2,rwl,rwz,sr2,srf,sti
11:23:40: Registering ResourceManager for type HighLevelGpuProgram
11:23:40: Registering ResourceManager for type Compositor
11:23:40: MovableObjectFactory for type 'Entity' registered.
11:23:40: MovableObjectFactory for type 'Light' registered.
11:23:40: MovableObjectFactory for type 'BillboardSet' registered.
11:23:40: MovableObjectFactory for type 'ManualObject' registered.
11:23:40: MovableObjectFactory for type 'BillboardChain' registered.
11:23:40: MovableObjectFactory for type 'RibbonTrail' registered.
11:23:40: Loading library /usr/lib/OGRE/RenderSystem_GL
11:23:40: Installing plugin: GL RenderSystem
11:23:40: OpenGL Rendering Subsystem created.
11:23:40: Plugin successfully installed
11:23:40: Loading library /usr/lib/OGRE/Plugin_ParticleFX
11:23:40: Installing plugin: ParticleFX
11:23:40: Particle Emitter Type 'Point' registered
11:23:40: Particle Emitter Type 'Box' registered
11:23:40: Particle Emitter Type 'Ellipsoid' registered
11:23:40: Particle Emitter Type 'Cylinder' registered
11:23:40: Particle Emitter Type 'Ring' registered
11:23:40: Particle Emitter Type 'HollowEllipsoid' registered
11:23:40: Particle Affector Type 'LinearForce' registered
11:23:40: Particle Affector Type 'ColourFader' registered
11:23:40: Particle Affector Type 'ColourFader2' registered
11:23:40: Particle Affector Type 'ColourImage' registered
11:23:40: Particle Affector Type 'ColourInterpolator' registered
11:23:40: Particle Affector Type 'Scaler' registered
11:23:40: Particle Affector Type 'Rotator' registered
11:23:40: Particle Affector Type 'DirectionRandomiser' registered
11:23:40: Particle Affector Type 'DeflectorPlane' registered
11:23:40: Plugin successfully installed
11:23:40: Loading library /usr/lib/OGRE/Plugin_BSPSceneManager
11:23:40: Installing plugin: BSP Scene Manager
11:23:40: Plugin successfully installed
11:23:40: Loading library /usr/lib/OGRE/Plugin_OctreeSceneManager
11:23:40: Installing plugin: Octree & Terrain Scene Manager
11:23:40: Plugin successfully installed
11:23:40: Loading library /usr/lib/OGRE/Plugin_CgProgramManager
11:23:40: Installing plugin: Cg Program Manager
11:23:40: Plugin successfully installed
11:23:40: *-*-* OGRE Initialising
11:23:40: *-*-* Version 1.7.2 (Cthugha)
11:23:40: Creating resource group Bootstrap
11:23:40: Added resource location 'data/packs/OgreCore.zip' of type 'Zip' to resource group 'Bootstrap'
11:23:40: Added resource location 'data/material/programs' of type 'FileSystem' to resource group 'General'
11:23:40: Added resource location 'data/meshes' of type 'FileSystem' to resource group 'General'
11:23:40: Added resource location 'data/material/scripts' of type 'FileSystem' to resource group 'General'
11:23:40: Added resource location 'data/material/textures' of type 'FileSystem' to resource group 'General'
11:23:40: Added resource location 'data/primitives' of type 'FileSystem' to resource group 'General'
11:23:40: Added resource location 'data/Icons' of type 'FileSystem' to resource group 'General'
11:23:40: Added resource location 'data/Hydrax_media/overlays' of type 'FileSystem' to resource group 'General'
11:23:40: Added resource location 'data/Hydrax_media' of type 'FileSystem' to resource group 'General'
11:23:40: Added resource location 'data/Hydrax_media/materials/programs' of type 'FileSystem' to resource group 'General'
11:23:40: Added resource location 'data/Hydrax_media/materials/scripts' of type 'FileSystem' to resource group 'General'
11:23:40: Added resource location 'data/Hydrax_media/materials/textures' of type 'FileSystem' to resource group 'General'
11:23:40: Added resource location 'data/Hydrax_media/models' of type 'FileSystem' to resource group 'General'
11:23:40: Added resource location 'data/Hydrax_media/packs/SkyBoxes.zip' of type 'Zip' to resource group 'General'
11:23:40: Creating resource group Hydrax
11:23:40: Added resource location 'data/Hydrax_media/Hydrax' of type 'FileSystem' to resource group 'Hydrax'
11:23:40: Added resource location 'data/packs/cubemapsJS.zip' of type 'Zip' to resource group 'Hydrax'
11:23:40: Added resource location 'data/packs/OgreCore.zip' of type 'Zip' to resource group 'Hydrax'
11:23:40: Added resource location 'data/packs/skybox.zip' of type 'Zip' to resource group 'Hydrax'
11:23:40: CPU Identifier & Features
11:23:40: -------------------------
11:23:40:  *   CPU ID: GenuineIntel: Intel(R) Core(TM) i7-3770 CPU @ 3.40GHz
11:23:40:  *      SSE: yes
11:23:40:  *     SSE2: yes
11:23:40:  *     SSE3: yes
11:23:40:  *      MMX: yes
11:23:40:  *   MMXEXT: yes
11:23:40:  *    3DNOW: no
11:23:40:  * 3DNOWEXT: no
11:23:40:  *     CMOV: yes
11:23:40:  *      TSC: yes
11:23:40:  *      FPU: yes
11:23:40:  *      PRO: yes
11:23:40:  *       HT: no
11:23:40: -------------------------
11:23:40: ******************************
*** Starting GLX Subsystem ***
******************************
11:23:40: GLRenderSystem::_createRenderWindow "Evolutionary Computing Systems Lab (ECSL) ENTity Game Engine (ECSLENT), University of Nevada, Reno", 800x600 windowed  miscParams: FSAA=0 displayFrequency=60 MHz gamma=No vsync=No 
11:23:40: GLXWindow::create used FBConfigID = 291
11:23:40: GL_VERSION = 2.1 Mesa 8.0.4
11:23:40: GL_VENDOR = nouveau
11:23:40: GL_RENDERER = Gallium 0.4 on NVA8
11:23:40: GL_EXTENSIONS = GL_ARB_multisample GL_EXT_abgr GL_EXT_bgra GL_EXT_blend_color GL_EXT_blend_minmax GL_EXT_blend_subtract GL_EXT_copy_texture GL_EXT_polygon_offset GL_EXT_subtexture GL_EXT_texture_object GL_EXT_vertex_array GL_EXT_compiled_vertex_array GL_EXT_texture GL_EXT_texture3D GL_IBM_rasterpos_clip GL_ARB_point_parameters GL_EXT_draw_range_elements GL_EXT_packed_pixels GL_EXT_point_parameters GL_EXT_rescale_normal GL_EXT_separate_specular_color GL_EXT_texture_edge_clamp GL_SGIS_generate_mipmap GL_SGIS_texture_border_clamp GL_SGIS_texture_edge_clamp GL_SGIS_texture_lod GL_ARB_framebuffer_sRGB GL_ARB_multitexture GL_EXT_framebuffer_sRGB GL_IBM_multimode_draw_arrays GL_IBM_texture_mirrored_repeat GL_ARB_texture_cube_map GL_ARB_texture_env_add GL_ARB_transpose_matrix GL_EXT_blend_func_separate GL_EXT_fog_coord GL_EXT_multi_draw_arrays GL_EXT_secondary_color GL_EXT_texture_env_add GL_EXT_texture_filter_anisotropic GL_EXT_texture_lod_bias GL_INGR_blend_func_separate GL_NV_blend_square GL_NV_light_max_exponent GL_NV_texgen_reflection GL_NV_texture_env_combine4 GL_SUN_multi_draw_arrays GL_ARB_texture_border_clamp GL_ARB_texture_compression GL_EXT_framebuffer_object GL_EXT_texture_env_combine GL_EXT_texture_env_dot3 GL_MESA_window_pos GL_NV_packed_depth_stencil GL_NV_texture_rectangle GL_ARB_depth_texture GL_ARB_occlusion_query GL_ARB_shadow GL_ARB_texture_env_combine GL_ARB_texture_env_crossbar GL_ARB_texture_env_dot3 GL_ARB_texture_mirrored_repeat GL_ARB_window_pos GL_EXT_stencil_two_side GL_EXT_texture_cube_map GL_NV_depth_clamp GL_NV_fog_distance GL_APPLE_packed_pixels GL_APPLE_vertex_array_object GL_ARB_draw_buffers GL_ARB_fragment_program GL_ARB_fragment_shader GL_ARB_shader_objects GL_ARB_vertex_program GL_ARB_vertex_shader GL_ATI_draw_buffers GL_ATI_texture_env_combine3 GL_ATI_texture_float GL_EXT_shadow_funcs GL_EXT_stencil_wrap GL_MESA_pack_invert GL_NV_primitive_restart GL_ARB_depth_clamp GL_ARB_fragment_program_shadow GL_ARB_half_float_pixel GL_ARB_occlusion_query2 GL_ARB_point_sprite GL_ARB_shading_language_100 GL_ARB_sync GL_ARB_texture_non_power_of_two GL_ARB_vertex_buffer_object GL_ATI_blend_equation_separate GL_EXT_blend_equation_separate GL_OES_read_format GL_ARB_color_buffer_float GL_ARB_pixel_buffer_object GL_ARB_texture_compression_rgtc GL_ARB_texture_float GL_ARB_texture_rectangle GL_ATI_texture_compression_3dc GL_EXT_packed_float GL_EXT_pixel_buffer_object GL_EXT_texture_compression_rgtc GL_EXT_texture_mirror_clamp GL_EXT_texture_rectangle GL_EXT_texture_sRGB GL_EXT_texture_shared_exponent GL_ARB_framebuffer_object GL_EXT_framebuffer_blit GL_EXT_framebuffer_multisample GL_EXT_packed_depth_stencil GL_ARB_vertex_array_object GL_ATI_separate_stencil GL_ATI_texture_mirror_once GL_EXT_draw_buffers2 GL_EXT_draw_instanced GL_EXT_gpu_program_parameters GL_EXT_texture_compression_latc GL_EXT_texture_sRGB_decode GL_EXT_timer_query GL_OES_EGL_image GL_ARB_copy_buffer GL_ARB_depth_buffer_float GL_ARB_draw_instanced GL_ARB_half_float_vertex GL_ARB_instanced_arrays GL_ARB_map_buffer_range GL_ARB_texture_rg GL_ARB_texture_swizzle GL_ARB_vertex_array_bgra GL_EXT_separate_shader_objects GL_EXT_texture_swizzle GL_EXT_vertex_array_bgra GL_NV_conditional_render GL_AMD_draw_buffers_blend GL_ARB_ES2_compatibility GL_ARB_draw_buffers_blend GL_ARB_draw_elements_base_vertex GL_ARB_explicit_attrib_location GL_ARB_fragment_coord_conventions GL_ARB_provoking_vertex GL_ARB_sampler_objects GL_ARB_seamless_cube_map GL_ARB_shader_texture_lod GL_EXT_provoking_vertex GL_EXT_texture_snorm GL_MESA_texture_signed_rgba GL_NV_texture_barrier GL_ARB_robustness GL_ARB_texture_storage 
11:23:40: Supported GLX extensions: GLX_ARB_get_proc_address GLX_ARB_multisample GLX_EXT_import_context GLX_EXT_visual_info GLX_EXT_visual_rating GLX_MESA_copy_sub_buffer GLX_MESA_multithread_makecurrent GLX_MESA_swap_control GLX_OML_swap_method GLX_OML_sync_control GLX_SGI_make_current_read GLX_SGI_swap_control GLX_SGI_video_sync GLX_SGIS_multisample GLX_SGIX_fbconfig GLX_SGIX_pbuffer GLX_SGIX_visual_select_group GLX_EXT_texture_from_pixmap 
11:23:40: ***************************
11:23:40: *** GL Renderer Started ***
11:23:40: ***************************
11:23:40: Registering ResourceManager for type GpuProgram
11:23:40: GLSL support detected
11:23:40: GL: Using GL_EXT_framebuffer_object for rendering to textures (best)
11:23:40: FBO PF_UNKNOWN depth/stencil support: D0S1 D0S4 D0S8 D0S16 D16S0 D24S0 D32S0 Packed-D24S8 
11:23:40: FBO PF_L8 depth/stencil support: D0S0 D0S1 D0S4 D0S8 D0S16 D16S0 D24S0 D32S0 Packed-D24S8 
11:23:40: FBO PF_L16 depth/stencil support: D0S0 D0S1 D0S4 D0S8 D0S16 D16S0 D24S0 D32S0 Packed-D24S8 
11:23:40: FBO PF_A8 depth/stencil support: D0S0 D0S1 D0S4 D0S8 D0S16 D16S0 D24S0 D32S0 Packed-D24S8 
11:23:40: FBO PF_A1R5G5B5 depth/stencil support: D0S0 D0S1 D0S4 D0S8 D0S16 D16S0 D24S0 D32S0 Packed-D24S8 
11:23:40: FBO PF_R8G8B8 depth/stencil support: D0S0 D0S1 D0S4 D0S8 D0S16 D16S0 D24S0 D32S0 Packed-D24S8 
11:23:40: FBO PF_B8G8R8 depth/stencil support: D0S0 D0S1 D0S4 D0S8 D0S16 D16S0 D24S0 D32S0 Packed-D24S8 
11:23:40: FBO PF_A8R8G8B8 depth/stencil support: D0S0 D0S1 D0S4 D0S8 D0S16 D16S0 D24S0 D32S0 Packed-D24S8 
11:23:40: FBO PF_B8G8R8A8 depth/stencil support: D0S0 D0S1 D0S4 D0S8 D0S16 D16S0 D24S0 D32S0 Packed-D24S8 
11:23:40: FBO PF_A2R10G10B10 depth/stencil support: D0S0 D0S1 D0S4 D0S8 D0S16 D16S0 D24S0 D32S0 Packed-D24S8 
11:23:40: FBO PF_A2B10G10R10 depth/stencil support: D0S0 D0S1 D0S4 D0S8 D0S16 D16S0 D24S0 D32S0 Packed-D24S8 
11:23:40: FBO PF_FLOAT16_RGB depth/stencil support: D0S0 D0S1 D0S4 D0S8 D0S16 D16S0 D24S0 D32S0 Packed-D24S8 
11:23:40: FBO PF_FLOAT16_RGBA depth/stencil support: D0S0 D0S1 D0S4 D0S8 D0S16 D16S0 D24S0 D32S0 Packed-D24S8 
11:23:40: FBO PF_FLOAT32_RGB depth/stencil support: D0S0 D0S1 D0S4 D0S8 D0S16 D16S0 D24S0 D32S0 Packed-D24S8 
11:23:40: FBO PF_FLOAT32_RGBA depth/stencil support: D0S0 D0S1 D0S4 D0S8 D0S16 D16S0 D24S0 D32S0 Packed-D24S8 
11:23:40: FBO PF_X8R8G8B8 depth/stencil support: D0S0 D0S1 D0S4 D0S8 D0S16 D16S0 D24S0 D32S0 Packed-D24S8 
11:23:40: FBO PF_X8B8G8R8 depth/stencil support: D0S0 D0S1 D0S4 D0S8 D0S16 D16S0 D24S0 D32S0 Packed-D24S8 
11:23:40: FBO PF_SHORT_RGBA depth/stencil support: D0S0 D0S1 D0S4 D0S8 D0S16 D16S0 D24S0 D32S0 Packed-D24S8 
11:23:40: FBO PF_FLOAT16_R depth/stencil support: D0S0 D0S1 D0S4 D0S8 D0S16 D16S0 D24S0 D32S0 Packed-D24S8 
11:23:40: FBO PF_FLOAT32_R depth/stencil support: D0S0 D0S1 D0S4 D0S8 D0S16 D16S0 D24S0 D32S0 Packed-D24S8 
11:23:40: FBO PF_SHORT_RGB depth/stencil support: D0S0 D0S1 D0S4 D0S8 D0S16 D16S0 D24S0 D32S0 Packed-D24S8 
11:23:40: [GL] : Valid FBO targets PF_UNKNOWN PF_L8 PF_L16 PF_A8 PF_A1R5G5B5 PF_R8G8B8 PF_B8G8R8 PF_A8R8G8B8 PF_B8G8R8A8 PF_A2R10G10B10 PF_A2B10G10R10 PF_FLOAT16_RGB PF_FLOAT16_RGBA PF_FLOAT32_RGB PF_FLOAT32_RGBA PF_X8R8G8B8 PF_X8B8G8R8 PF_SHORT_RGBA PF_FLOAT16_R PF_FLOAT32_R PF_SHORT_RGB 
11:23:40: RenderSystem capabilities
11:23:40: -------------------------
11:23:40: RenderSystem Name: OpenGL Rendering Subsystem
11:23:40: GPU Vendor: unknown
11:23:40: Device Name: Gallium 0.4 on NVA8
11:23:40: Driver Version: 2.1.0.0
11:23:40:  * Fixed function pipeline: yes
11:23:40:  * Hardware generation of mipmaps: yes
11:23:40:  * Texture blending: yes
11:23:40:  * Anisotropic texture filtering: yes
11:23:40:  * Dot product texture operation: yes
11:23:40:  * Cube mapping: yes
11:23:40:  * Hardware stencil buffer: yes
11:23:40:    - Stencil depth: 8
11:23:40:    - Two sided stencil support: yes
11:23:40:    - Wrap stencil values: yes
11:23:40:  * Hardware vertex / index buffers: yes
11:23:40:  * Vertex programs: yes
11:23:40:  * Number of floating-point constants for vertex programs: 4096
11:23:40:  * Number of integer constants for vertex programs: 0
11:23:40:  * Number of boolean constants for vertex programs: 0
11:23:40:  * Fragment programs: yes
11:23:40:  * Number of floating-point constants for fragment programs: 4096
11:23:40:  * Number of integer constants for fragment programs: 0
11:23:40:  * Number of boolean constants for fragment programs: 0
11:23:40:  * Geometry programs: no
11:23:40:  * Number of floating-point constants for geometry programs: 0
11:23:40:  * Number of integer constants for geometry programs: 0
11:23:40:  * Number of boolean constants for geometry programs: 0
11:23:40:  * Supported Shader Profiles: arbfp1 arbvp1 glsl
11:23:40:  * Texture Compression: yes
11:23:40:    - DXT: no
11:23:40:    - VTC: no
11:23:40:    - PVRTC: no
11:23:40:  * Scissor Rectangle: yes
11:23:40:  * Hardware Occlusion Query: yes
11:23:40:  * User clip planes: yes
11:23:40:  * VET_UBYTE4 vertex element type: yes
11:23:40:  * Infinite far plane projection: yes
11:23:40:  * Hardware render-to-texture: yes
11:23:40:  * Floating point textures: yes
11:23:40:  * Non-power-of-two textures: yes
11:23:40:  * Volume textures: yes
11:23:40:  * Multiple Render Targets: 8
11:23:40:    - With different bit depths: yes
11:23:40:  * Point Sprites: yes
11:23:40:  * Extended point parameters: yes
11:23:40:  * Max Point Size: 64
11:23:40:  * Vertex texture fetch: yes
11:23:40:  * Number of world matrices: 0
11:23:40:  * Number of texture units: 16
11:23:40:  * Stencil buffer depth: 8
11:23:40:  * Number of vertex blend matrices: 0
11:23:40:    - Max vertex textures: 16
11:23:40:    - Vertex textures shared: yes
11:23:40:  * Render to Vertex Buffer : no
11:23:40:  * GL 1.5 without VBO workaround: no
11:23:40:  * Frame Buffer objects: yes
11:23:40:  * Frame Buffer objects (ARB extension): no
11:23:40:  * Frame Buffer objects (ATI extension): no
11:23:40:  * PBuffer support: yes
11:23:40:  * GL 1.5 without HW-occlusion workaround: no
11:23:40: Registering ResourceManager for type Texture
11:23:40: DefaultWorkQueue('Root') initialising on thread 0x3a87ed0.
11:23:40: DefaultWorkQueue('Root')::WorkerFunc - thread 0x3ddd0f0 starting.
11:23:40: DefaultWorkQueue('Root')::WorkerFunc - thread 0x3ddd540 starting.
11:23:40: DefaultWorkQueue('Root')::WorkerFunc - thread 0x3e755b0 starting.
11:23:40: DefaultWorkQueue('Root')::WorkerFunc - thread 0x3e758c0 starting.
11:23:40: DefaultWorkQueue('Root')::WorkerFunc - thread 0x3e67c20 starting.
11:23:40: DefaultWorkQueue('Root')::WorkerFunc - thread 0x3e67f30 starting.
11:23:40: DefaultWorkQueue('Root')::WorkerFunc - thread 0x3e68240 starting.
11:23:40: DefaultWorkQueue('Root')::WorkerFunc - thread 0x3e68570 starting.
11:23:40: Particle Renderer Type 'billboard' registered
11:23:40: SceneManagerFactory for type 'BspSceneManager' registered.
11:23:40: Registering ResourceManager for type BspLevel
11:23:40: SceneManagerFactory for type 'OctreeSceneManager' registered.
11:23:40: SceneManagerFactory for type 'TerrainSceneManager' registered.
11:23:40: Parsing scripts for resource group Autodetect
11:23:40: Finished parsing scripts for resource group Autodetect
11:23:40: Parsing scripts for resource group Bootstrap
11:23:40: Parsing script OgreCore.material
11:23:40: Parsing script OgreProfiler.material
11:23:40: Parsing script Ogre.fontdef
11:23:40: Parsing script OgreDebugPanel.overlay
11:23:40: Texture: New_Ogre_Border_Center.png: Loading 1 faces(PF_A8R8G8B8,256x128x1) with 5 hardware generated mipmaps from Image. Internal format is PF_A8R8G8B8,256x128x1.
11:23:40: Texture: New_Ogre_Border.png: Loading 1 faces(PF_A8R8G8B8,256x256x1) with 5 hardware generated mipmaps from Image. Internal format is PF_A8R8G8B8,256x256x1.
11:23:40: Texture: New_Ogre_Border_Break.png: Loading 1 faces(PF_A8R8G8B8,32x32x1) with 5 hardware generated mipmaps from Image. Internal format is PF_A8R8G8B8,32x32x1.
11:23:40: Texture: ogretext.png: Loading 1 faces(PF_A8R8G8B8,256x128x1) with 5 hardware generated mipmaps from Image. Internal format is PF_A8R8G8B8,256x128x1.
11:23:40: Parsing script OgreLoadingPanel.overlay
11:23:40: Finished parsing scripts for resource group Bootstrap
11:23:40: Parsing scripts for resource group General
11:23:40: Parsing script StdQuad_vp.program
11:23:40: Parsing script Examples.program
11:23:40: GLSL compiled : Ogre/BasicVertexPrograms/AmbientOneTextureGLSL
11:23:40: GLSL compiled : Ogre/HardwareSkinningTwoWeightsGLSL
11:23:40: Parsing script Examples-Advanced.material
11:23:40: Compiler error: object unsupported by render system in Examples-Advanced.material(381)
11:23:41: Parsing script CGSwizzle.material
11:23:41: Parsing script Halftone.material
11:23:41: Parsing script IsoSurf.material
11:23:41: Parsing script shipInfo.material
11:23:41: Parsing script OffsetMapping.material
11:23:41: Compiler error: object unsupported by render system in OffsetMapping.material(18)
11:23:41: GLSL compiled : Examples/OffsetMappingIntegratedShadowsFPglsl
11:23:41: GLSL compiled : Examples/OffsetMappingIntegratedShadowsVPglsl
11:23:41: Parsing script RadialBlur.material
11:23:41: Parsing script missile.material
11:23:41: Compiler error: unknown error in missile.material(7): token "59.4555039496997," is not recognized
11:23:41: Parsing script Tiling.material
11:23:41: Parsing script SharpenEdges.material
11:23:41: Parsing script wake.material
11:23:41: Parsing script Example-Water.material
11:23:41: Parsing script Laplace.material
11:23:41: Parsing script DOF.material
11:23:41: Parsing script Invert.material
11:23:41: Parsing script smoke.material
11:23:41: Parsing script pssm.material
11:23:41: Parsing script ParticleGS.material
11:23:41: Parsing script Example-DynTex.material
11:23:41: Parsing script Embossed.material
11:23:41: Parsing script ASCII.material
11:23:41: Parsing script alienship.material
11:23:41: Compiler error: unknown error in alienship.material(90): token "1.0," is not recognized
11:23:41: Parsing script Example.material
11:23:41: OGRE EXCEPTION(2:InvalidParametersException): Parameter called camObjPos does not exist.  in GpuProgramParameters::_findNamedConstantDefinition at /root/development/ogre/OgreMain/src/OgreGpuProgramParams.cpp (line 1433)
11:23:41: Compiler error: invalid parameters in Example.material(776): setting of constant failed
11:23:41: GLSL compiled : Ogre/HardwareSkinningTwoWeightsShadowCasterGLSL
11:23:41: Parsing script HeatVision.material
11:23:41: Parsing script MotionBlur.material
11:23:41: Parsing script rmenu.material
11:23:41: Parsing script cursor.material
11:23:41: Parsing script hdr.material
11:23:41: GLSL compiled : Ogre/Compositor/HDR/downscale2x2LuminenceGLSL_fp
11:23:41: GLSL compiled : Ogre/Compositor/StdQuad_GLSL_vp
11:23:41: GLSL compiled : Ogre/Compositor/HDR/downscale3x3GLSL_fp
11:23:41: GLSL compiled : Ogre/Compositor/HDR/utils_fp
11:23:41: GLSL compiled : Ogre/Compositor/HDR/downscale3x3brightpassGLSL_fp
11:23:41: GLSL compiled : Ogre/Compositor/HDR/bloomGLSL_fp
11:23:41: GLSL compiled : Ogre/Compositor/HDR/utils_fp
11:23:41: GLSL compiled : Ogre/Compositor/HDR/finaltonemappingGLSL_fp
11:23:41: Parsing script cigarette.material
11:23:41: Parsing script DepthShadowmap.material
11:23:41: GLSL compiled : Ogre/DepthShadowmap/CasterVP_GLSL
11:23:41: GLSL compiled : Ogre/DepthShadowmap/CasterFP_GLSL
11:23:41: GLSL compiled : Ogre/DepthShadowmap/ReceiverVP_GLSL
11:23:41: GLSL compiled : Ogre/DepthShadowmap/ReceiverFP_GLSL
11:23:41: GLSL compiled : Ogre/DepthShadowmap/ReceiverFPPCF_GLSL
11:23:41: GLSL compiled : Ogre/DepthShadowmap/NormalMapReceiverVP_GLSL
11:23:41: GLSL compiled : Ogre/DepthShadowmap/NormalMapReceiverFP_GLSL
11:23:41: GLSL compiled : Ogre/DepthShadowmap/NormalMapReceiverFPPCF_GLSL
11:23:41: Parsing script NightVision.material
11:23:41: Parsing script MRTtest.material
11:23:41: GLSL compiled : Ogre/MRTtest/scenefp/GLSL
11:23:41: GLSL compiled : Ogre/MRTtest/quadfp/GLSL
11:23:41: Parsing script Glass.material
11:23:41: Parsing script f1Overlay.material
11:23:41: Parsing script instancing.material
11:23:41: GLSL compiled : InstancingGLSL
11:23:41: GLSL compiled : InstancingShadowCasterGLSL
11:23:41: GLSL compiled : CrowdGLSL
11:23:41: GLSL compiled : CrowdShadowCasterGLSL
11:23:41: Parsing script sleek.material
11:23:41: Parsing script ui.material
11:23:41: Parsing script Posterize.material
11:23:41: Parsing script Scene.material
11:23:41: Parsing script OgreOcean.material
11:23:41: GLSL compiled : GLSL/OceanVS
11:23:41: GLSL compiled : GLSL/OceanFS
11:23:41: GLSL compiled : GLSL/Ocean2VS
11:23:41: GLSL compiled : GLSL/Ocean2FS
11:23:41: Parsing script OldMovie.material
11:23:41: Parsing script ASMSwizzle.material
11:23:41: Compiler error: object unsupported by render system in ASMSwizzle.material(1)
11:23:41: Parsing script GLSLSwizzle.material
11:23:41: GLSL compiled : Ogre/GPTest/Passthrough_VP_GLSL
11:23:41: Parsing script ddg51.material
11:23:41: Parsing script button.material
11:23:41: Parsing script OldTV.material
11:23:41: Parsing script Dither.material
11:23:41: Parsing script sailboat.material
11:23:41: Compiler error: unknown error in sailboat.material(87): token "60.0," is not recognized
11:23:41: Parsing script cvn68.material
11:23:41: Parsing script RZR-002.material
11:23:41: Parsing script Hurt.material
11:23:41: Parsing script BlackAndWhite.material
11:23:41: Parsing script boat.material
11:23:41: Parsing script Bloom.material
11:23:41: GLSL compiled : Blur_ps_glsl
11:23:41: GLSL compiled : Blur0_vs_glsl
11:23:41: GLSL compiled : Blur1_vs_glsl
11:23:41: Parsing script Ogre.material
11:23:41: Parsing script Bloom2.material
11:23:41: GLSL compiled : Bloom2_ps20_glsl
11:23:41: Parsing script VarianceShadowmap.material
11:23:41: Parsing script facial.material
11:23:41: Parsing script RudderDisc.material
11:23:41: Parsing script SquareX.material
11:23:41: Parsing script SmallBoatOverlay2.material
11:23:41: Parsing script SmallBoatOverlay.material
11:23:41: Parsing script OffsetMapping.material
11:23:41: Parsing script SkyBox.material
11:23:41: Parsing script Palm.material
11:23:41: Parsing script Island.material
11:23:41: Parsing script Examples.compositor
11:23:41: Finished parsing scripts for resource group General
11:23:41: Parsing scripts for resource group Hydrax
11:23:41: Parsing script OgreCore.material
11:23:41: Parsing script OgreProfiler.material
11:23:41: Parsing script Ogre.fontdef
11:23:41: Parsing script OgreDebugPanel.overlay
11:23:41: Skipping loading overlay include: 'OgreDebugPanel.overlay as it is already loaded.
11:23:41: Parsing script OgreLoadingPanel.overlay
11:23:41: Skipping loading overlay include: 'OgreLoadingPanel.overlay as it is already loaded.
11:23:41: Finished parsing scripts for resource group Hydrax
11:23:41: Parsing scripts for resource group Internal
11:23:41: Finished parsing scripts for resource group Internal
11:23:41: TerrainSceneManager: Registered a new PageSource for type Heightmap
11:23:41: Texture: rmenuLine.png: Loading 1 faces(PF_R8G8B8,128x128x1) with 5 hardware generated mipmaps from Image. Internal format is PF_X8R8G8B8,128x128x1.
11:23:41: Texture: ecslentUI3.png: Loading 1 faces(PF_A8R8G8B8,1024x768x1) with 5 hardware generated mipmaps from Image. Internal format is PF_A8R8G8B8,1024x768x1.
11:23:41: Texture: metal0.jpg: Loading 1 faces(PF_R8G8B8,259x195x1) with 5 hardware generated mipmaps from Image. Internal format is PF_X8R8G8B8,259x195x1.
11:23:41: Texture: f1OverlayTex.png: Loading 1 faces(PF_A8R8G8B8,128x128x1) with 5 hardware generated mipmaps from Image. Internal format is PF_A8R8G8B8,128x128x1.
11:23:41: Texture: rmenu.png: Loading 1 faces(PF_A8R8G8B8,128x128x1) with 5 hardware generated mipmaps from Image. Internal format is PF_A8R8G8B8,128x128x1.
11:23:41: Texture: bg_green.png: Loading 1 faces(PF_R8G8B8,1024x768x1) with 5 hardware generated mipmaps from Image. Internal format is PF_X8R8G8B8,1024x768x1.
11:23:41: Texture: clouds.jpg: Loading 1 faces(PF_R8G8B8,256x256x1) with 5 hardware generated mipmaps from Image. Internal format is PF_X8R8G8B8,256x256x1.
11:23:41: Mesh: Loading ddg51.mesh.
11:23:41: WARNING: ddg51.mesh is an older format ([MeshSerializer_v1.40]); you should upgrade it as soon as possible using the OgreMeshUpgrade tool.
11:23:41: Texture: ecslHorizontal.bmp: Loading 1 faces(PF_R8G8B8,128x128x1) with 5 hardware generated mipmaps from Image. Internal format is PF_X8R8G8B8,128x128x1.
11:23:41: Mesh: Loading sphere.mesh.
11:23:41: WARNING: sphere.mesh is an older format ([MeshSerializer_v1.40]); you should upgrade it as soon as possible using the OgreMeshUpgrade tool.
11:23:41: Mesh: Loading alienship.mesh.
11:23:41: WARNING: alienship.mesh is an older format ([MeshSerializer_v1.40]); you should upgrade it as soon as possible using the OgreMeshUpgrade tool.
11:23:41: Texture: ALM07.JPG: Loading 1 faces(PF_R8G8B8,512x512x1) with 5 hardware generated mipmaps from Image. Internal format is PF_X8R8G8B8,512x512x1.
11:23:41: Mesh: Loading smallBoatOverlay.mesh.
11:23:41: Mesh: Loading smallBoatOverlay2.mesh.
11:23:41: Mesh: Loading sailboat.mesh.
11:23:41: WARNING: sailboat.mesh is an older format ([MeshSerializer_v1.40]); you should upgrade it as soon as possible using the OgreMeshUpgrade tool.
11:23:41: Texture: Wood_Lumber_ButtJoined.jpg: Loading 1 faces(PF_R8G8B8,512x256x1) with 5 hardware generated mipmaps from Image. Internal format is PF_X8R8G8B8,512x256x1.
11:23:41: Mesh: Loading cube.mesh.
11:23:41: WARNING: cube.mesh is an older format ([MeshSerializer_v1.40]); you should upgrade it as soon as possible using the OgreMeshUpgrade tool.
11:23:41: Can't assign material 1 - Default to SubEntity of CVN681_0 because this Material does not exist. Have you forgotten to define it in a .material script?
11:23:41: Mesh: Loading boat.mesh.
11:23:41: WARNING: boat.mesh is an older format ([MeshSerializer_v1.40]); you should upgrade it as soon as possible using the OgreMeshUpgrade tool.
11:23:41: Texture: ecsl.bmp: Loading 1 faces(PF_R8G8B8,128x128x1) with 5 hardware generated mipmaps from Image. Internal format is PF_X8R8G8B8,128x128x1.
11:23:41: Font BlueHighwayusing texture size 512x512
11:23:41: Info: Freetype returned null for character 127 in font BlueHighway
11:23:41: Info: Freetype returned null for character 128 in font BlueHighway
11:23:41: Info: Freetype returned null for character 129 in font BlueHighway
11:23:41: Info: Freetype returned null for character 130 in font BlueHighway
11:23:41: Info: Freetype returned null for character 131 in font BlueHighway
11:23:41: Info: Freetype returned null for character 132 in font BlueHighway
11:23:41: Info: Freetype returned null for character 133 in font BlueHighway
11:23:41: Info: Freetype returned null for character 134 in font BlueHighway
11:23:41: Info: Freetype returned null for character 135 in font BlueHighway
11:23:41: Info: Freetype returned null for character 136 in font BlueHighway
11:23:41: Info: Freetype returned null for character 137 in font BlueHighway
11:23:41: Info: Freetype returned null for character 138 in font BlueHighway
11:23:41: Info: Freetype returned null for character 139 in font BlueHighway
11:23:41: Info: Freetype returned null for character 140 in font BlueHighway
11:23:41: Info: Freetype returned null for character 141 in font BlueHighway
11:23:41: Info: Freetype returned null for character 142 in font BlueHighway
11:23:41: Info: Freetype returned null for character 143 in font BlueHighway
11:23:41: Info: Freetype returned null for character 144 in font BlueHighway
11:23:41: Info: Freetype returned null for character 145 in font BlueHighway
11:23:41: Info: Freetype returned null for character 146 in font BlueHighway
11:23:41: Info: Freetype returned null for character 147 in font BlueHighway
11:23:41: Info: Freetype returned null for character 148 in font BlueHighway
11:23:41: Info: Freetype returned null for character 149 in font BlueHighway
11:23:41: Info: Freetype returned null for character 150 in font BlueHighway
11:23:41: Info: Freetype returned null for character 151 in font BlueHighway
11:23:41: Info: Freetype returned null for character 152 in font BlueHighway
11:23:41: Info: Freetype returned null for character 153 in font BlueHighway
11:23:41: Info: Freetype returned null for character 154 in font BlueHighway
11:23:41: Info: Freetype returned null for character 155 in font BlueHighway
11:23:41: Info: Freetype returned null for character 156 in font BlueHighway
11:23:41: Info: Freetype returned null for character 157 in font BlueHighway
11:23:41: Info: Freetype returned null for character 158 in font BlueHighway
11:23:41: Info: Freetype returned null for character 159 in font BlueHighway
11:23:41: Info: Freetype returned null for character 160 in font BlueHighway
11:23:41: Texture: BlueHighwayTexture: Loading 1 faces(PF_BYTE_LA,512x512x1) with  hardware generated mipmaps from Image. Internal format is PF_BYTE_LA,512x512x1.
11:23:41: Texture: wake.png: Loading 1 faces(PF_A8R8G8B8,256x256x1) with 5 hardware generated mipmaps from Image. Internal format is PF_A8R8G8B8,256x256x1.
