14:32:33: Creating resource group General
14:32:33: Creating resource group Internal
14:32:33: Creating resource group Autodetect
14:32:33: SceneManagerFactory for type 'DefaultSceneManager' registered.
14:32:33: Registering ResourceManager for type Material
14:32:33: Registering ResourceManager for type Mesh
14:32:33: Registering ResourceManager for type Skeleton
14:32:33: MovableObjectFactory for type 'ParticleSystem' registered.
14:32:33: OverlayElementFactory for type Panel registered.
14:32:33: OverlayElementFactory for type BorderPanel registered.
14:32:33: OverlayElementFactory for type TextArea registered.
14:32:33: Registering ResourceManager for type Font
14:32:33: ArchiveFactory for archive type FileSystem registered.
14:32:33: ArchiveFactory for archive type Zip registered.
14:32:33: DDS codec registering
14:32:33: FreeImage version: 3.15.1
14:32:33: This program uses FreeImage, a free, open source image library supporting all common bitmap formats. See http://freeimage.sourceforge.net for details
14:32:33: Supported formats: bmp,ico,jpg,jif,jpeg,jpe,jng,koa,iff,lbm,mng,pbm,pbm,pcd,pcx,pgm,pgm,png,ppm,ppm,ras,tga,targa,tif,tiff,wap,wbmp,wbm,psd,cut,xbm,xpm,gif,hdr,g3,sgi,exr,j2k,j2c,jp2,pfm,pct,pict,pic,3fr,arw,bay,bmq,cap,cine,cr2,crw,cs1,dc2,dcr,drf,dsc,dng,erf,fff,ia,iiq,k25,kc2,kdc,mdc,mef,mos,mrw,nef,nrw,orf,pef,ptx,pxn,qtk,raf,raw,rdc,rw2,rwl,rwz,sr2,srf,sti
14:32:33: Registering ResourceManager for type HighLevelGpuProgram
14:32:33: Registering ResourceManager for type Compositor
14:32:33: MovableObjectFactory for type 'Entity' registered.
14:32:33: MovableObjectFactory for type 'Light' registered.
14:32:33: MovableObjectFactory for type 'BillboardSet' registered.
14:32:33: MovableObjectFactory for type 'ManualObject' registered.
14:32:33: MovableObjectFactory for type 'BillboardChain' registered.
14:32:33: MovableObjectFactory for type 'RibbonTrail' registered.
14:32:33: Loading library /usr/lib/OGRE/RenderSystem_GL
14:32:33: Installing plugin: GL RenderSystem
14:32:33: OpenGL Rendering Subsystem created.
14:32:33: Plugin successfully installed
14:32:33: Loading library /usr/lib/OGRE/Plugin_ParticleFX
14:32:33: Installing plugin: ParticleFX
14:32:33: Particle Emitter Type 'Point' registered
14:32:33: Particle Emitter Type 'Box' registered
14:32:33: Particle Emitter Type 'Ellipsoid' registered
14:32:33: Particle Emitter Type 'Cylinder' registered
14:32:33: Particle Emitter Type 'Ring' registered
14:32:33: Particle Emitter Type 'HollowEllipsoid' registered
14:32:33: Particle Affector Type 'LinearForce' registered
14:32:33: Particle Affector Type 'ColourFader' registered
14:32:33: Particle Affector Type 'ColourFader2' registered
14:32:33: Particle Affector Type 'ColourImage' registered
14:32:33: Particle Affector Type 'ColourInterpolator' registered
14:32:33: Particle Affector Type 'Scaler' registered
14:32:33: Particle Affector Type 'Rotator' registered
14:32:33: Particle Affector Type 'DirectionRandomiser' registered
14:32:33: Particle Affector Type 'DeflectorPlane' registered
14:32:33: Plugin successfully installed
14:32:33: Loading library /usr/lib/OGRE/Plugin_BSPSceneManager
14:32:33: Installing plugin: BSP Scene Manager
14:32:33: Plugin successfully installed
14:32:33: Loading library /usr/lib/OGRE/Plugin_OctreeSceneManager
14:32:33: Installing plugin: Octree & Terrain Scene Manager
14:32:33: Plugin successfully installed
14:32:33: Loading library /usr/lib/OGRE/Plugin_CgProgramManager
14:32:33: Installing plugin: Cg Program Manager
14:32:33: Plugin successfully installed
14:32:33: *-*-* OGRE Initialising
14:32:33: *-*-* Version 1.7.2 (Cthugha)
14:32:33: Creating resource group Bootstrap
14:32:33: Added resource location 'OgreCore.zip' of type 'Zip' to resource group 'Bootstrap'
14:32:33: Added resource location 'media' of type 'FileSystem' to resource group 'General'
14:32:33: Added resource location 'media/fonts' of type 'FileSystem' to resource group 'General'
14:32:33: Added resource location 'media/sounds' of type 'FileSystem' to resource group 'General'
14:32:33: Added resource location 'media/Audio' of type 'FileSystem' to resource group 'General'
14:32:33: Added resource location 'media/materials/programs' of type 'FileSystem' to resource group 'General'
14:32:33: Added resource location 'media/materials/scripts' of type 'FileSystem' to resource group 'General'
14:32:33: Added resource location 'media/materials/textures' of type 'FileSystem' to resource group 'General'
14:32:33: Added resource location 'media/models' of type 'FileSystem' to resource group 'General'
14:32:33: Added resource location 'media/overlays' of type 'FileSystem' to resource group 'General'
14:32:33: Added resource location 'media/particle' of type 'FileSystem' to resource group 'General'
14:32:33: Added resource location 'media/gui' of type 'FileSystem' to resource group 'General'
14:32:33: Added resource location 'media/packs/cubemap.zip' of type 'Zip' to resource group 'General'
14:32:33: Added resource location 'media/packs/cubemapsJS.zip' of type 'Zip' to resource group 'General'
14:32:33: Added resource location 'media/packs/dragon.zip' of type 'Zip' to resource group 'General'
14:32:33: Added resource location 'media/packs/fresneldemo.zip' of type 'Zip' to resource group 'General'
14:32:33: Added resource location 'media/packs/ogretestmap.zip' of type 'Zip' to resource group 'General'
14:32:33: Added resource location 'media/packs/skybox.zip' of type 'Zip' to resource group 'General'
14:32:33: CPU Identifier & Features
14:32:33: -------------------------
14:32:33:  *   CPU ID: GenuineIntel: Intel(R) Core(TM) i7-3770 CPU @ 3.40GHz
14:32:33:  *      SSE: yes
14:32:33:  *     SSE2: yes
14:32:33:  *     SSE3: yes
14:32:33:  *      MMX: yes
14:32:33:  *   MMXEXT: yes
14:32:33:  *    3DNOW: no
14:32:33:  * 3DNOWEXT: no
14:32:33:  *     CMOV: yes
14:32:33:  *      TSC: yes
14:32:33:  *      FPU: yes
14:32:33:  *      PRO: yes
14:32:33:  *       HT: no
14:32:33: -------------------------
14:32:33: ******************************
*** Starting GLX Subsystem ***
******************************
14:32:33: GLRenderSystem::_createRenderWindow "CS 381 Spring 2012 Engine Version 1.0", 1680x1050 fullscreen  miscParams: FSAA=0 displayFrequency=60 MHz gamma=No vsync=No 
14:32:33: GLXWindow::create used FBConfigID = 112
14:32:33: GL_VERSION = 2.1 Mesa 8.0.4
14:32:33: GL_VENDOR = Tungsten Graphics, Inc
14:32:33: GL_RENDERER = Mesa DRI Intel(R) Ivybridge Desktop 
14:32:33: GL_EXTENSIONS = GL_ARB_multisample GL_EXT_abgr GL_EXT_bgra GL_EXT_blend_color GL_EXT_blend_minmax GL_EXT_blend_subtract GL_EXT_copy_texture GL_EXT_polygon_offset GL_EXT_subtexture GL_EXT_texture_object GL_EXT_vertex_array GL_EXT_compiled_vertex_array GL_EXT_texture GL_EXT_texture3D GL_IBM_rasterpos_clip GL_ARB_point_parameters GL_EXT_draw_range_elements GL_EXT_packed_pixels GL_EXT_point_parameters GL_EXT_rescale_normal GL_EXT_separate_specular_color GL_EXT_texture_edge_clamp GL_SGIS_generate_mipmap GL_SGIS_texture_border_clamp GL_SGIS_texture_edge_clamp GL_SGIS_texture_lod GL_ARB_framebuffer_sRGB GL_ARB_multitexture GL_EXT_framebuffer_sRGB GL_IBM_multimode_draw_arrays GL_IBM_texture_mirrored_repeat GL_3DFX_texture_compression_FXT1 GL_ARB_texture_cube_map GL_ARB_texture_env_add GL_ARB_transpose_matrix GL_EXT_blend_func_separate GL_EXT_fog_coord GL_EXT_multi_draw_arrays GL_EXT_secondary_color GL_EXT_texture_env_add GL_EXT_texture_filter_anisotropic GL_EXT_texture_lod_bias GL_INGR_blend_func_separate GL_NV_blend_square GL_NV_light_max_exponent GL_NV_texgen_reflection GL_NV_texture_env_combine4 GL_SUN_multi_draw_arrays GL_ARB_texture_border_clamp GL_ARB_texture_compression GL_EXT_framebuffer_object GL_EXT_texture_env_combine GL_EXT_texture_env_dot3 GL_MESA_window_pos GL_NV_packed_depth_stencil GL_NV_texture_rectangle GL_NV_vertex_program GL_ARB_depth_texture GL_ARB_occlusion_query GL_ARB_shadow GL_ARB_texture_env_combine GL_ARB_texture_env_crossbar GL_ARB_texture_env_dot3 GL_ARB_texture_mirrored_repeat GL_ARB_window_pos GL_ATI_envmap_bumpmap GL_EXT_stencil_two_side GL_EXT_texture_cube_map GL_NV_depth_clamp GL_NV_vertex_program1_1 GL_APPLE_packed_pixels GL_APPLE_vertex_array_object GL_ARB_draw_buffers GL_ARB_fragment_program GL_ARB_fragment_shader GL_ARB_shader_objects GL_ARB_vertex_program GL_ARB_vertex_shader GL_ATI_draw_buffers GL_ATI_texture_env_combine3 GL_ATI_texture_float GL_EXT_shadow_funcs GL_EXT_stencil_wrap GL_MESA_pack_invert GL_MESA_ycbcr_texture GL_ARB_depth_clamp GL_ARB_fragment_program_shadow GL_ARB_half_float_pixel GL_ARB_point_sprite GL_ARB_shading_language_100 GL_ARB_sync GL_ARB_texture_non_power_of_two GL_ARB_vertex_buffer_object GL_ATI_blend_equation_separate GL_EXT_blend_equation_separate GL_OES_read_format GL_ARB_color_buffer_float GL_ARB_pixel_buffer_object GL_ARB_texture_compression_rgtc GL_ARB_texture_float GL_ARB_texture_rectangle GL_EXT_packed_float GL_EXT_pixel_buffer_object GL_EXT_texture_compression_rgtc GL_EXT_texture_rectangle GL_EXT_texture_sRGB GL_EXT_texture_shared_exponent GL_ARB_framebuffer_object GL_EXT_framebuffer_blit GL_EXT_framebuffer_multisample GL_EXT_packed_depth_stencil GL_APPLE_object_purgeable GL_ARB_vertex_array_object GL_ATI_separate_stencil GL_EXT_draw_buffers2 GL_EXT_gpu_program_parameters GL_EXT_texture_array GL_EXT_texture_integer GL_EXT_texture_sRGB_decode GL_EXT_timer_query GL_OES_EGL_image GL_MESA_texture_array GL_ARB_copy_buffer GL_ARB_depth_buffer_float GL_ARB_half_float_vertex GL_ARB_map_buffer_range GL_ARB_texture_rg GL_ARB_texture_swizzle GL_ARB_vertex_array_bgra GL_EXT_separate_shader_objects GL_EXT_texture_swizzle GL_EXT_vertex_array_bgra GL_NV_conditional_render GL_ARB_ES2_compatibility GL_ARB_draw_elements_base_vertex GL_ARB_explicit_attrib_location GL_ARB_fragment_coord_conventions GL_ARB_provoking_vertex GL_ARB_sampler_objects GL_ARB_seamless_cube_map GL_ARB_shader_texture_lod GL_EXT_provoking_vertex GL_EXT_texture_snorm GL_MESA_texture_signed_rgba GL_ARB_robustness 
14:32:33: Supported GLX extensions: GLX_ARB_get_proc_address GLX_ARB_multisample GLX_EXT_import_context GLX_EXT_visual_info GLX_EXT_visual_rating GLX_MESA_copy_sub_buffer GLX_MESA_multithread_makecurrent GLX_MESA_swap_control GLX_OML_swap_method GLX_OML_sync_control GLX_SGI_make_current_read GLX_SGI_swap_control GLX_SGI_video_sync GLX_SGIS_multisample GLX_SGIX_fbconfig GLX_SGIX_pbuffer GLX_SGIX_visual_select_group GLX_EXT_texture_from_pixmap 
14:32:33: ***************************
14:32:33: *** GL Renderer Started ***
14:32:33: ***************************
14:32:33: Registering ResourceManager for type GpuProgram
14:32:33: GLSL support detected
14:32:33: GL: Using GL_EXT_framebuffer_object for rendering to textures (best)
14:32:33: FBO PF_UNKNOWN depth/stencil support: D0S1 D0S4 D0S8 D0S16 D16S0 D16S1 D16S4 D16S8 D16S16 D24S0 D24S1 D24S4 D24S8 D24S16 D32S0 D32S1 D32S4 D32S8 D32S16 Packed-D24S8 
14:32:33: FBO PF_A8 depth/stencil support: D0S0 D0S1 D0S4 D0S8 D0S16 D16S0 D16S1 D16S4 D16S8 D16S16 D24S0 D24S1 D24S4 D24S8 D24S16 D32S0 D32S1 D32S4 D32S8 D32S16 Packed-D24S8 
14:32:33: FBO PF_R5G6B5 depth/stencil support: D0S0 D0S1 D0S4 D0S8 D0S16 D16S0 D16S1 D16S4 D16S8 D16S16 D24S0 D24S1 D24S4 D24S8 D24S16 D32S0 D32S1 D32S4 D32S8 D32S16 Packed-D24S8 
14:32:33: FBO PF_B5G6R5 depth/stencil support: D0S0 D0S1 D0S4 D0S8 D0S16 D16S0 D16S1 D16S4 D16S8 D16S16 D24S0 D24S1 D24S4 D24S8 D24S16 D32S0 D32S1 D32S4 D32S8 D32S16 Packed-D24S8 
14:32:33: FBO PF_A4R4G4B4 depth/stencil support: D0S0 D0S1 D0S4 D0S8 D0S16 D16S0 D16S1 D16S4 D16S8 D16S16 D24S0 D24S1 D24S4 D24S8 D24S16 D32S0 D32S1 D32S4 D32S8 D32S16 Packed-D24S8 
14:32:33: FBO PF_A1R5G5B5 depth/stencil support: D0S0 D0S1 D0S4 D0S8 D0S16 D16S0 D16S1 D16S4 D16S8 D16S16 D24S0 D24S1 D24S4 D24S8 D24S16 D32S0 D32S1 D32S4 D32S8 D32S16 Packed-D24S8 
14:32:33: FBO PF_R8G8B8 depth/stencil support: D0S0 D0S1 D0S4 D0S8 D0S16 D16S0 D16S1 D16S4 D16S8 D16S16 D24S0 D24S1 D24S4 D24S8 D24S16 D32S0 D32S1 D32S4 D32S8 D32S16 Packed-D24S8 
14:32:33: FBO PF_B8G8R8 depth/stencil support: D0S0 D0S1 D0S4 D0S8 D0S16 D16S0 D16S1 D16S4 D16S8 D16S16 D24S0 D24S1 D24S4 D24S8 D24S16 D32S0 D32S1 D32S4 D32S8 D32S16 Packed-D24S8 
14:32:33: FBO PF_A8R8G8B8 depth/stencil support: D0S0 D0S1 D0S4 D0S8 D0S16 D16S0 D16S1 D16S4 D16S8 D16S16 D24S0 D24S1 D24S4 D24S8 D24S16 D32S0 D32S1 D32S4 D32S8 D32S16 Packed-D24S8 
14:32:33: FBO PF_B8G8R8A8 depth/stencil support: D0S0 D0S1 D0S4 D0S8 D0S16 D16S0 D16S1 D16S4 D16S8 D16S16 D24S0 D24S1 D24S4 D24S8 D24S16 D32S0 D32S1 D32S4 D32S8 D32S16 Packed-D24S8 
14:32:33: FBO PF_A2R10G10B10 depth/stencil support: D0S0 D0S1 D0S4 D0S8 D0S16 D16S0 D16S1 D16S4 D16S8 D16S16 D24S0 D24S1 D24S4 D24S8 D24S16 D32S0 D32S1 D32S4 D32S8 D32S16 Packed-D24S8 
14:32:33: FBO PF_A2B10G10R10 depth/stencil support: D0S0 D0S1 D0S4 D0S8 D0S16 D16S0 D16S1 D16S4 D16S8 D16S16 D24S0 D24S1 D24S4 D24S8 D24S16 D32S0 D32S1 D32S4 D32S8 D32S16 Packed-D24S8 
14:32:33: FBO PF_FLOAT16_RGB depth/stencil support: D0S0 D0S1 D0S4 D0S8 D0S16 D16S0 D16S1 D16S4 D16S8 D16S16 D24S0 D24S1 D24S4 D24S8 D24S16 D32S0 D32S1 D32S4 D32S8 D32S16 Packed-D24S8 
14:32:33: FBO PF_FLOAT16_RGBA depth/stencil support: D0S0 D0S1 D0S4 D0S8 D0S16 D16S0 D16S1 D16S4 D16S8 D16S16 D24S0 D24S1 D24S4 D24S8 D24S16 D32S0 D32S1 D32S4 D32S8 D32S16 Packed-D24S8 
14:32:33: FBO PF_FLOAT32_RGB depth/stencil support: D0S0 D0S1 D0S4 D0S8 D0S16 D16S0 D16S1 D16S4 D16S8 D16S16 D24S0 D24S1 D24S4 D24S8 D24S16 D32S0 D32S1 D32S4 D32S8 D32S16 Packed-D24S8 
14:32:33: FBO PF_FLOAT32_RGBA depth/stencil support: D0S0 D0S1 D0S4 D0S8 D0S16 D16S0 D16S1 D16S4 D16S8 D16S16 D24S0 D24S1 D24S4 D24S8 D24S16 D32S0 D32S1 D32S4 D32S8 D32S16 Packed-D24S8 
14:32:33: FBO PF_X8R8G8B8 depth/stencil support: D0S0 D0S1 D0S4 D0S8 D0S16 D16S0 D16S1 D16S4 D16S8 D16S16 D24S0 D24S1 D24S4 D24S8 D24S16 D32S0 D32S1 D32S4 D32S8 D32S16 Packed-D24S8 
14:32:33: FBO PF_X8B8G8R8 depth/stencil support: D0S0 D0S1 D0S4 D0S8 D0S16 D16S0 D16S1 D16S4 D16S8 D16S16 D24S0 D24S1 D24S4 D24S8 D24S16 D32S0 D32S1 D32S4 D32S8 D32S16 Packed-D24S8 
14:32:33: FBO PF_SHORT_RGBA depth/stencil support: D0S0 D0S1 D0S4 D0S8 D0S16 D16S0 D16S1 D16S4 D16S8 D16S16 D24S0 D24S1 D24S4 D24S8 D24S16 D32S0 D32S1 D32S4 D32S8 D32S16 Packed-D24S8 
14:32:33: FBO PF_R3G3B2 depth/stencil support: D0S0 D0S1 D0S4 D0S8 D0S16 D16S0 D16S1 D16S4 D16S8 D16S16 D24S0 D24S1 D24S4 D24S8 D24S16 D32S0 D32S1 D32S4 D32S8 D32S16 Packed-D24S8 
14:32:33: FBO PF_FLOAT16_R depth/stencil support: D0S0 D0S1 D0S4 D0S8 D0S16 D16S0 D16S1 D16S4 D16S8 D16S16 D24S0 D24S1 D24S4 D24S8 D24S16 D32S0 D32S1 D32S4 D32S8 D32S16 Packed-D24S8 
14:32:33: FBO PF_FLOAT32_R depth/stencil support: D0S0 D0S1 D0S4 D0S8 D0S16 D16S0 D16S1 D16S4 D16S8 D16S16 D24S0 D24S1 D24S4 D24S8 D24S16 D32S0 D32S1 D32S4 D32S8 D32S16 Packed-D24S8 
14:32:33: FBO PF_SHORT_RGB depth/stencil support: D0S0 D0S1 D0S4 D0S8 D0S16 D16S0 D16S1 D16S4 D16S8 D16S16 D24S0 D24S1 D24S4 D24S8 D24S16 D32S0 D32S1 D32S4 D32S8 D32S16 Packed-D24S8 
14:32:33: [GL] : Valid FBO targets PF_UNKNOWN PF_A8 PF_R5G6B5 PF_B5G6R5 PF_A4R4G4B4 PF_A1R5G5B5 PF_R8G8B8 PF_B8G8R8 PF_A8R8G8B8 PF_B8G8R8A8 PF_A2R10G10B10 PF_A2B10G10R10 PF_FLOAT16_RGB PF_FLOAT16_RGBA PF_FLOAT32_RGB PF_FLOAT32_RGBA PF_X8R8G8B8 PF_X8B8G8R8 PF_SHORT_RGBA PF_R3G3B2 PF_FLOAT16_R PF_FLOAT32_R PF_SHORT_RGB 
14:32:33: RenderSystem capabilities
14:32:33: -------------------------
14:32:33: RenderSystem Name: OpenGL Rendering Subsystem
14:32:33: GPU Vendor: unknown
14:32:33: Device Name: Mesa DRI Intel(R) Ivybridge Desktop 
14:32:33: Driver Version: 2.1.0.0
14:32:33:  * Fixed function pipeline: yes
14:32:33:  * Hardware generation of mipmaps: yes
14:32:33:  * Texture blending: yes
14:32:33:  * Anisotropic texture filtering: yes
14:32:33:  * Dot product texture operation: yes
14:32:33:  * Cube mapping: yes
14:32:33:  * Hardware stencil buffer: yes
14:32:33:    - Stencil depth: 8
14:32:33:    - Two sided stencil support: yes
14:32:33:    - Wrap stencil values: yes
14:32:33:  * Hardware vertex / index buffers: yes
14:32:33:  * Vertex programs: yes
14:32:33:  * Number of floating-point constants for vertex programs: 4096
14:32:33:  * Number of integer constants for vertex programs: 0
14:32:33:  * Number of boolean constants for vertex programs: 0
14:32:33:  * Fragment programs: yes
14:32:33:  * Number of floating-point constants for fragment programs: 4096
14:32:33:  * Number of integer constants for fragment programs: 0
14:32:33:  * Number of boolean constants for fragment programs: 0
14:32:33:  * Geometry programs: no
14:32:33:  * Number of floating-point constants for geometry programs: 0
14:32:33:  * Number of integer constants for geometry programs: 0
14:32:33:  * Number of boolean constants for geometry programs: 0
14:32:33:  * Supported Shader Profiles: arbfp1 arbvp1 glsl
14:32:33:  * Texture Compression: yes
14:32:33:    - DXT: no
14:32:33:    - VTC: no
14:32:33:    - PVRTC: no
14:32:33:  * Scissor Rectangle: yes
14:32:33:  * Hardware Occlusion Query: yes
14:32:33:  * User clip planes: yes
14:32:33:  * VET_UBYTE4 vertex element type: yes
14:32:33:  * Infinite far plane projection: yes
14:32:33:  * Hardware render-to-texture: yes
14:32:33:  * Floating point textures: yes
14:32:33:  * Non-power-of-two textures: yes
14:32:33:  * Volume textures: yes
14:32:33:  * Multiple Render Targets: 8
14:32:33:    - With different bit depths: yes
14:32:33:  * Point Sprites: yes
14:32:33:  * Extended point parameters: yes
14:32:33:  * Max Point Size: 255
14:32:33:  * Vertex texture fetch: yes
14:32:33:  * Number of world matrices: 0
14:32:33:  * Number of texture units: 16
14:32:33:  * Stencil buffer depth: 8
14:32:33:  * Number of vertex blend matrices: 0
14:32:33:    - Max vertex textures: 16
14:32:33:    - Vertex textures shared: yes
14:32:33:  * Render to Vertex Buffer : no
14:32:33:  * GL 1.5 without VBO workaround: no
14:32:33:  * Frame Buffer objects: yes
14:32:33:  * Frame Buffer objects (ARB extension): no
14:32:33:  * Frame Buffer objects (ATI extension): no
14:32:33:  * PBuffer support: yes
14:32:33:  * GL 1.5 without HW-occlusion workaround: no
14:32:33: Registering ResourceManager for type Texture
14:32:33: DefaultWorkQueue('Root') initialising on thread 0x1dfd1a0.
14:32:33: DefaultWorkQueue('Root')::WorkerFunc - thread 0x206cac0 starting.
14:32:33: DefaultWorkQueue('Root')::WorkerFunc - thread 0x2cfff50 starting.
14:32:33: DefaultWorkQueue('Root')::WorkerFunc - thread 0x2cffc50 starting.
14:32:33: DefaultWorkQueue('Root')::WorkerFunc - thread 0x2cea320 starting.
14:32:33: DefaultWorkQueue('Root')::WorkerFunc - thread 0x2d00480 starting.
14:32:33: DefaultWorkQueue('Root')::WorkerFunc - thread 0x2d00790 starting.
14:32:33: DefaultWorkQueue('Root')::WorkerFunc - thread 0x2d00ac0 starting.
14:32:33: DefaultWorkQueue('Root')::WorkerFunc - thread 0x2d00df0 starting.
14:32:33: Particle Renderer Type 'billboard' registered
14:32:33: SceneManagerFactory for type 'BspSceneManager' registered.
14:32:33: Registering ResourceManager for type BspLevel
14:32:33: SceneManagerFactory for type 'OctreeSceneManager' registered.
14:32:33: SceneManagerFactory for type 'TerrainSceneManager' registered.
14:32:33: Parsing scripts for resource group Autodetect
14:32:33: Finished parsing scripts for resource group Autodetect
14:32:33: Parsing scripts for resource group Bootstrap
14:32:33: Parsing script OgreCore.material
14:32:33: Parsing script OgreProfiler.material
14:32:33: Parsing script Ogre.fontdef
14:32:33: Parsing script OgreDebugPanel.overlay
14:32:33: Texture: New_Ogre_Border_Center.png: Loading 1 faces(PF_A8R8G8B8,256x128x1) with 5 hardware generated mipmaps from Image. Internal format is PF_A8R8G8B8,256x128x1.
14:32:33: Texture: New_Ogre_Border.png: Loading 1 faces(PF_A8R8G8B8,256x256x1) with 5 hardware generated mipmaps from Image. Internal format is PF_A8R8G8B8,256x256x1.
14:32:33: Texture: New_Ogre_Border_Break.png: Loading 1 faces(PF_A8R8G8B8,32x32x1) with 5 hardware generated mipmaps from Image. Internal format is PF_A8R8G8B8,32x32x1.
14:32:33: Texture: ogretext.png: Loading 1 faces(PF_A8R8G8B8,256x128x1) with 5 hardware generated mipmaps from Image. Internal format is PF_A8R8G8B8,256x128x1.
14:32:33: Parsing script OgreLoadingPanel.overlay
14:32:33: Finished parsing scripts for resource group Bootstrap
14:32:33: Parsing scripts for resource group General
14:32:33: Parsing script StdQuad_vp.program
14:32:33: Parsing script Examples.program
14:32:33: GLSL compiled : Ogre/BasicVertexPrograms/AmbientOneTextureGLSL
14:32:33: GLSL compiled : Ogre/HardwareSkinningTwoWeightsGLSL
14:32:33: Parsing script purplered.material
14:32:33: Parsing script Examples-Advanced.material
14:32:33: Compiler error: object unsupported by render system in Examples-Advanced.material(381)
14:32:33: Parsing script CGSwizzle.material
14:32:33: Parsing script Halftone.material
14:32:33: Parsing script IsoSurf.material
14:32:33: Parsing script shipInfo.material
14:32:33: Parsing script OffsetMapping.material
14:32:33: Compiler error: object unsupported by render system in OffsetMapping.material(18)
14:32:34: GLSL compiled : Examples/OffsetMappingIntegratedShadowsFPglsl
14:32:34: GLSL compiled : Examples/OffsetMappingIntegratedShadowsVPglsl
14:32:34: Parsing script RadialBlur.material
14:32:34: Parsing script missile.material
14:32:34: Compiler error: unknown error in missile.material(7): token "59.4555039496997," is not recognized
14:32:34: Parsing script Tiling.material
14:32:34: Parsing script SharpenEdges.material
14:32:34: Parsing script flower3.material
14:32:34: Parsing script wake.material
14:32:34: Parsing script Example-Water.material
14:32:34: Parsing script mean.material
14:32:34: Parsing script flowerUI.material
14:32:34: Parsing script Laplace.material
14:32:34: Parsing script DOF.material
14:32:34: Parsing script Invert.material
14:32:34: Parsing script smoke.material
14:32:34: Parsing script pssm.material
14:32:34: Parsing script ParticleGS.material
14:32:34: Parsing script Example-DynTex.material
14:32:34: Parsing script Embossed.material
14:32:34: Parsing script ASCII.material
14:32:34: Parsing script stumpy.material
14:32:34: Parsing script alienship.material
14:32:34: Compiler error: unknown error in alienship.material(90): token "1.0," is not recognized
14:32:34: Parsing script flower4.material
14:32:34: Parsing script Example.material
14:32:34: OGRE EXCEPTION(2:InvalidParametersException): Parameter called camObjPos does not exist.  in GpuProgramParameters::_findNamedConstantDefinition at /root/development/ogre/OgreMain/src/OgreGpuProgramParams.cpp (line 1433)
14:32:34: Compiler error: invalid parameters in Example.material(870): setting of constant failed
14:32:34: GLSL compiled : Ogre/HardwareSkinningTwoWeightsShadowCasterGLSL
14:32:34: Parsing script flower1.material
14:32:34: Parsing script tree1.material
14:32:34: Parsing script HeatVision.material
14:32:34: Parsing script cube.material
14:32:34: Parsing script MotionBlur.material
14:32:34: Parsing script rmenu.material
14:32:34: Parsing script cursor.material
14:32:34: Parsing script hdr.material
14:32:34: GLSL compiled : Ogre/Compositor/HDR/downscale2x2LuminenceGLSL_fp
14:32:34: GLSL compiled : Ogre/Compositor/StdQuad_GLSL_vp
14:32:34: GLSL compiled : Ogre/Compositor/HDR/downscale3x3GLSL_fp
14:32:34: GLSL compiled : Ogre/Compositor/HDR/utils_fp
14:32:34: GLSL compiled : Ogre/Compositor/HDR/downscale3x3brightpassGLSL_fp
14:32:34: GLSL compiled : Ogre/Compositor/HDR/bloomGLSL_fp
14:32:34: GLSL compiled : Ogre/Compositor/HDR/utils_fp
14:32:34: GLSL compiled : Ogre/Compositor/HDR/finaltonemappingGLSL_fp
14:32:34: Parsing script cigarette.material
14:32:34: Parsing script DepthShadowmap.material
14:32:34: GLSL compiled : Ogre/DepthShadowmap/CasterVP_GLSL
14:32:34: GLSL compiled : Ogre/DepthShadowmap/CasterFP_GLSL
14:32:34: GLSL compiled : Ogre/DepthShadowmap/ReceiverVP_GLSL
14:32:34: GLSL compiled : Ogre/DepthShadowmap/ReceiverFP_GLSL
14:32:34: GLSL compiled : Ogre/DepthShadowmap/ReceiverFPPCF_GLSL
14:32:34: GLSL compiled : Ogre/DepthShadowmap/NormalMapReceiverVP_GLSL
14:32:34: GLSL compiled : Ogre/DepthShadowmap/NormalMapReceiverFP_GLSL
14:32:34: GLSL compiled : Ogre/DepthShadowmap/NormalMapReceiverFPPCF_GLSL
14:32:34: Parsing script NightVision.material
14:32:34: Parsing script MRTtest.material
14:32:34: GLSL compiled : Ogre/MRTtest/scenefp/GLSL
14:32:34: GLSL compiled : Ogre/MRTtest/quadfp/GLSL
14:32:34: Parsing script color2.material
14:32:34: Parsing script Glass.material
14:32:34: Parsing script f1Overlay.material
14:32:34: Parsing script instancing.material
14:32:34: GLSL compiled : InstancingGLSL
14:32:34: GLSL compiled : InstancingShadowCasterGLSL
14:32:34: GLSL compiled : CrowdGLSL
14:32:34: GLSL compiled : CrowdShadowCasterGLSL
14:32:34: Parsing script sleek.material
14:32:34: Parsing script ui.material
14:32:34: Parsing script Posterize.material
14:32:34: Parsing script redflower.material
14:32:34: Parsing script Scene.material
14:32:34: Parsing script OgreOcean.material
14:32:34: GLSL compiled : GLSL/OceanVS
14:32:34: GLSL compiled : GLSL/OceanFS
14:32:34: GLSL compiled : GLSL/Ocean2VS
14:32:34: GLSL compiled : GLSL/Ocean2FS
14:32:34: Parsing script OldMovie.material
14:32:34: Parsing script ASMSwizzle.material
14:32:34: Compiler error: object unsupported by render system in ASMSwizzle.material(1)
14:32:34: Parsing script tree2.material
14:32:34: Parsing script GLSLSwizzle.material
14:32:34: GLSL compiled : Ogre/GPTest/Passthrough_VP_GLSL
14:32:34: Parsing script ddg51.material
14:32:34: Parsing script button.material
14:32:34: Parsing script OldTV.material
14:32:34: Parsing script Dither.material
14:32:34: Parsing script flower2.material
14:32:34: Parsing script sailboat.material
14:32:34: Compiler error: unknown error in sailboat.material(87): token "60.0," is not recognized
14:32:34: Parsing script cvn68.material
14:32:34: Parsing script blueflower.material
14:32:34: Parsing script RZR-002.material
14:32:34: Parsing script Hurt.material
14:32:34: Parsing script BlackAndWhite.material
14:32:34: Parsing script boat.material
14:32:34: Parsing script Bloom.material
14:32:34: GLSL compiled : Blur_ps_glsl
14:32:34: GLSL compiled : Blur0_vs_glsl
14:32:34: GLSL compiled : Blur1_vs_glsl
14:32:34: Parsing script Ogre.material
14:32:34: Parsing script Bloom2.material
14:32:34: GLSL compiled : Bloom2_ps20_glsl
14:32:34: Parsing script VarianceShadowmap.material
14:32:34: Parsing script facial.material
14:32:34: Parsing script PythonOgreDebugPanel.material
14:32:34: Parsing script RomanBath.material
14:32:34: Parsing script emitted_emitter.particle
14:32:34: Parsing script Example.particle
14:32:34: Parsing script Example-Water.particle
14:32:34: Parsing script smoke.particle
14:32:34: Parsing script Examples.compositor
14:32:34: Parsing script sample.fontdef
14:32:34: Parsing script Compositor.overlay
14:32:34: Parsing script DP3.overlay
14:32:34: Parsing script Example-DynTex.overlay
14:32:34: Parsing script Shadows.overlay
14:32:34: Parsing script PythonOgreDebugPanel.overlay
14:32:34: Texture: popanel.png: Loading 1 faces(PF_A8R8G8B8,638x90x1) with 5 hardware generated mipmaps from Image. Internal format is PF_A8R8G8B8,638x90x1.
14:32:34: Parsing script Example-CubeMapping.overlay
14:32:34: Parsing script Example-Water.overlay
14:32:34: Parsing script shipInfo.overlay
14:32:34: Finished parsing scripts for resource group General
14:32:34: Parsing scripts for resource group Internal
14:32:34: Finished parsing scripts for resource group Internal
14:32:34: Texture: title.png: Loading 1 faces(PF_A8R8G8B8,1067x1600x1) with 5 hardware generated mipmaps from Image. Internal format is PF_A8R8G8B8,1067x1600x1.
14:32:34: Texture: story.png: Loading 1 faces(PF_A8R8G8B8,1067x1600x1) with 5 hardware generated mipmaps from Image. Internal format is PF_A8R8G8B8,1067x1600x1.
14:32:34: Texture: instructions2.png: Loading 1 faces(PF_A8R8G8B8,442x600x1) with 5 hardware generated mipmaps from Image. Internal format is PF_A8R8G8B8,442x600x1.
14:32:34: Texture: GrassSeamlessB.png: Loading 1 faces(PF_R8G8B8,1500x1500x1) with 5 hardware generated mipmaps from Image. Internal format is PF_X8R8G8B8,1500x1500x1.
14:32:34: Texture: trees2.png: Loading 1 faces(PF_A8R8G8B8,778x1600x1) with 5 hardware generated mipmaps from Image. Internal format is PF_A8R8G8B8,778x1600x1.
14:32:34: Texture: trees.png: Loading 1 faces(PF_A8R8G8B8,778x1600x1) with 5 hardware generated mipmaps from Image. Internal format is PF_A8R8G8B8,778x1600x1.
14:32:34: Texture: cloudy_noon_fr.jpg: Loading 1 faces(PF_R8G8B8,512x512x1) with 5 hardware generated mipmaps from Image. Internal format is PF_X8R8G8B8,512x512x1.
14:32:34: Texture: cloudy_noon_bk.jpg: Loading 1 faces(PF_R8G8B8,512x512x1) with 5 hardware generated mipmaps from Image. Internal format is PF_X8R8G8B8,512x512x1.
14:32:34: Texture: cloudy_noon_lf.jpg: Loading 1 faces(PF_R8G8B8,512x512x1) with 5 hardware generated mipmaps from Image. Internal format is PF_X8R8G8B8,512x512x1.
14:32:34: Texture: cloudy_noon_rt.jpg: Loading 1 faces(PF_R8G8B8,512x512x1) with 5 hardware generated mipmaps from Image. Internal format is PF_X8R8G8B8,512x512x1.
14:32:34: Texture: cloudy_noon_up.jpg: Loading 1 faces(PF_R8G8B8,512x512x1) with 5 hardware generated mipmaps from Image. Internal format is PF_X8R8G8B8,512x512x1.
14:32:34: Texture: cloudy_noon_dn.jpg: Loading 1 faces(PF_R8G8B8,512x512x1) with 5 hardware generated mipmaps from Image. Internal format is PF_X8R8G8B8,512x512x1.
14:32:34: Mesh: Loading blueflower.mesh.
14:32:34: Mesh: Loading flower2.mesh.
14:32:34: Mesh: Loading flower3.mesh.
14:32:34: Mesh: Loading flower4.mesh.
14:32:34: Mesh: Loading mean.mesh.
14:32:34: OGRE EXCEPTION(6:FileNotFoundException): Cannot locate resource Vegetation_Blur3.jpg in resource group General or any other group. in ResourceGroupManager::openResource at /root/development/ogre/OgreMain/src/OgreResourceGroupManager.cpp (line 753)
14:32:34: Error loading texture Vegetation_Blur3.jpg. Texture layer will be blank. Loading the texture failed with the following exception: OGRE EXCEPTION(6:FileNotFoundException): Cannot locate resource Vegetation_Blur3.jpg in resource group General or any other group. in ResourceGroupManager::openResource at /root/development/ogre/OgreMain/src/OgreResourceGroupManager.cpp (line 753)
14:32:34: Mesh: Loading tree1.mesh.
14:32:34: Mesh: Loading stumpy.mesh.
14:32:34: Font BlueHighwayusing texture size 512x512
14:32:34: Info: Freetype returned null for character 127 in font BlueHighway
14:32:34: Info: Freetype returned null for character 128 in font BlueHighway
14:32:34: Info: Freetype returned null for character 129 in font BlueHighway
14:32:34: Info: Freetype returned null for character 130 in font BlueHighway
14:32:34: Info: Freetype returned null for character 131 in font BlueHighway
14:32:34: Info: Freetype returned null for character 132 in font BlueHighway
14:32:34: Info: Freetype returned null for character 133 in font BlueHighway
14:32:34: Info: Freetype returned null for character 134 in font BlueHighway
14:32:34: Info: Freetype returned null for character 135 in font BlueHighway
14:32:34: Info: Freetype returned null for character 136 in font BlueHighway
14:32:34: Info: Freetype returned null for character 137 in font BlueHighway
14:32:34: Info: Freetype returned null for character 138 in font BlueHighway
14:32:34: Info: Freetype returned null for character 139 in font BlueHighway
14:32:34: Info: Freetype returned null for character 140 in font BlueHighway
14:32:34: Info: Freetype returned null for character 141 in font BlueHighway
14:32:34: Info: Freetype returned null for character 142 in font BlueHighway
14:32:34: Info: Freetype returned null for character 143 in font BlueHighway
14:32:34: Info: Freetype returned null for character 144 in font BlueHighway
14:32:34: Info: Freetype returned null for character 145 in font BlueHighway
14:32:34: Info: Freetype returned null for character 146 in font BlueHighway
14:32:34: Info: Freetype returned null for character 147 in font BlueHighway
14:32:34: Info: Freetype returned null for character 148 in font BlueHighway
14:32:34: Info: Freetype returned null for character 149 in font BlueHighway
14:32:34: Info: Freetype returned null for character 150 in font BlueHighway
14:32:34: Info: Freetype returned null for character 151 in font BlueHighway
14:32:34: Info: Freetype returned null for character 152 in font BlueHighway
14:32:34: Info: Freetype returned null for character 153 in font BlueHighway
14:32:34: Info: Freetype returned null for character 154 in font BlueHighway
14:32:34: Info: Freetype returned null for character 155 in font BlueHighway
14:32:34: Info: Freetype returned null for character 156 in font BlueHighway
14:32:34: Info: Freetype returned null for character 157 in font BlueHighway
14:32:34: Info: Freetype returned null for character 158 in font BlueHighway
14:32:34: Info: Freetype returned null for character 159 in font BlueHighway
14:32:34: Info: Freetype returned null for character 160 in font BlueHighway
14:32:34: Texture: BlueHighwayTexture: Loading 1 faces(PF_BYTE_LA,512x512x1) with  hardware generated mipmaps from Image. Internal format is PF_BYTE_LA,512x512x1.
14:32:42: Texture: credits.png: Loading 1 faces(PF_A8R8G8B8,1076x1600x1) with 5 hardware generated mipmaps from Image. Internal format is PF_A8R8G8B8,1076x1600x1.
14:32:55: DefaultWorkQueue('Root') shutting down on thread 0x1dfd1a0.
14:32:55: DefaultWorkQueue('Root')::WorkerFunc - thread 0x206cac0 stopped.
14:32:55: DefaultWorkQueue('Root')::WorkerFunc - thread 0x2cea320 stopped.
14:32:55: DefaultWorkQueue('Root')::WorkerFunc - thread 0x2d00480 stopped.
14:32:55: DefaultWorkQueue('Root')::WorkerFunc - thread 0x2cfff50 stopped.
14:32:55: DefaultWorkQueue('Root')::WorkerFunc - thread 0x2d00df0 stopped.
14:32:55: DefaultWorkQueue('Root')::WorkerFunc - thread 0x2d00790 stopped.
14:32:55: DefaultWorkQueue('Root')::WorkerFunc - thread 0x2d00ac0 stopped.
14:32:55: DefaultWorkQueue('Root')::WorkerFunc - thread 0x2cffc50 stopped.
14:32:55: Unregistering ResourceManager for type BspLevel
14:32:55: *-*-* OGRE Shutdown
14:32:55: Unregistering ResourceManager for type Compositor
14:32:55: Unregistering ResourceManager for type Font
14:32:55: Unregistering ResourceManager for type Skeleton
14:32:55: Unregistering ResourceManager for type Mesh
14:32:55: Unregistering ResourceManager for type HighLevelGpuProgram
14:32:55: Uninstalling plugin: Cg Program Manager
14:32:55: Plugin successfully uninstalled
14:32:55: Unloading library /usr/lib/OGRE/Plugin_CgProgramManager
14:32:55: Uninstalling plugin: Octree & Terrain Scene Manager
14:32:55: Plugin successfully uninstalled
14:32:55: Unloading library /usr/lib/OGRE/Plugin_OctreeSceneManager
14:32:55: Uninstalling plugin: BSP Scene Manager
14:32:55: Plugin successfully uninstalled
14:32:55: Unloading library /usr/lib/OGRE/Plugin_BSPSceneManager
14:32:55: Uninstalling plugin: ParticleFX
14:32:55: Plugin successfully uninstalled
14:32:55: Unloading library /usr/lib/OGRE/Plugin_ParticleFX
14:32:55: Uninstalling plugin: GL RenderSystem
14:32:55: Unregistering ResourceManager for type GpuProgram
14:32:55: ******************************
*** Stopping GLX Subsystem ***
******************************
14:32:55: Unregistering ResourceManager for type Texture
14:32:55: Plugin successfully uninstalled
14:32:55: Unloading library /usr/lib/OGRE/RenderSystem_GL
14:32:55: Unregistering ResourceManager for type Material
